<?xml version="1.0" encoding="UTF-8"?>
<!-- Generated by org.testng.reporters.JUnitXMLReporter -->
<testsuite hostname="FAIZA-QA" ignored="0" name="Test_PayBill" tests="3" failures="0" timestamp="24 Apr 2019 13:27:03 GMT" time="19.51" errors="0">
  <testcase name="verifyLogin" time="1.554" classname="pk.tellermate.testcases.TC_payBill"/>
  <testcase name="openPayBill" time="0.282" classname="pk.tellermate.testcases.TC_payBill"/>
  <testcase name="verifySearch" time="1.641" classname="pk.tellermate.testcases.TC_payBill"/>
</testsuite> <!-- Test_PayBill -->
