<?xml version="1.0" encoding="UTF-8"?>
<!-- Generated by org.testng.reporters.JUnitXMLReporter -->
<testsuite hostname="FAIZA-QA" ignored="0" name="Test_PayBill" tests="3" failures="0" timestamp="23 Apr 2019 13:03:11 GMT" time="19.15" errors="0">
  <testcase name="verifyLogin" time="1.236" classname="pk.tellermate.testcases.TC_payBill"/>
  <testcase name="openPayBill" time="0.263" classname="pk.tellermate.testcases.TC_payBill"/>
  <testcase name="verifySearch" time="4.029" classname="pk.tellermate.testcases.TC_payBill"/>
</testsuite> <!-- Test_PayBill -->
