<?xml version="1.0" encoding="UTF-8"?>
<testng-results skipped="0" failed="0" ignored="0" total="1" passed="1">
  <reporter-output>
    <line>
      <![CDATA[Initilizing and test is getting ready.]]>
    </line>
    <line>
      <![CDATA[Initilized and tests can be started.]]>
    </line>
    <line>
      <![CDATA[Initilizing Browser and getting application ready.]]>
    </line>
    <line>
      <![CDATA[Browser and application is up and running.]]>
    </line>
    <line>
      <![CDATA[Test is about to end.]]>
    </line>
    <line>
      <![CDATA[Test is completed >>> report is genrated.]]>
    </line>
  </reporter-output>
  <suite name="Suite" duration-ms="16034" started-at="2019-04-16T11:41:10Z" finished-at="2019-04-16T11:41:26Z">
    <groups>
    </groups>
    <test name="TC_Login" duration-ms="16034" started-at="2019-04-16T11:41:10Z" finished-at="2019-04-16T11:41:26Z">
      <class name="pk.tellermate.testcases.TC_Login">
        <test-method status="PASS" signature="setupSuite()[pri:0, instance:pk.tellermate.testcases.TC_Login@42e26948]" name="setupSuite" is-config="true" duration-ms="1022" started-at="2019-04-16T11:41:09Z" finished-at="2019-04-16T11:41:10Z">
          <reporter-output>
            <line>
              <![CDATA[Initilizing and test is getting ready.]]>
            </line>
            <line>
              <![CDATA[Initilized and tests can be started.]]>
            </line>
          </reporter-output>
        </test-method> <!-- setupSuite -->
        <test-method status="PASS" signature="startApp()[pri:0, instance:pk.tellermate.testcases.TC_Login@42e26948]" name="startApp" is-config="true" duration-ms="7593" started-at="2019-04-16T11:41:10Z" finished-at="2019-04-16T11:41:18Z">
          <reporter-output>
            <line>
              <![CDATA[Initilizing Browser and getting application ready.]]>
            </line>
            <line>
              <![CDATA[Browser and application is up and running.]]>
            </line>
          </reporter-output>
        </test-method> <!-- startApp -->
        <test-method status="PASS" signature="verifyLogin()[pri:0, instance:pk.tellermate.testcases.TC_Login@42e26948]" name="verifyLogin" duration-ms="685" started-at="2019-04-16T11:41:18Z" finished-at="2019-04-16T11:41:18Z">
          <reporter-output>
          </reporter-output>
        </test-method> <!-- verifyLogin -->
        <test-method status="PASS" signature="tearDownMethod(org.testng.ITestResult)[pri:0, instance:pk.tellermate.testcases.TC_Login@42e26948]" name="tearDownMethod" is-config="true" duration-ms="1080" started-at="2019-04-16T11:41:18Z" finished-at="2019-04-16T11:41:19Z">
          <params>
            <param index="0">
              <value>
                <![CDATA[[TestResult name=verifyLogin status=SUCCESS method=TC_Login.verifyLogin()[pri:0, instance:pk.tellermate.testcases.TC_Login@42e26948] output={null}]]]>
              </value>
            </param>
          </params>
          <reporter-output>
            <line>
              <![CDATA[Test is about to end.]]>
            </line>
            <line>
              <![CDATA[Test is completed >>> report is genrated.]]>
            </line>
          </reporter-output>
        </test-method> <!-- tearDownMethod -->
        <test-method status="FAIL" signature="tearDown()[pri:0, instance:pk.tellermate.testcases.TC_Login@42e26948]" name="tearDown" is-config="true" duration-ms="6633" started-at="2019-04-16T11:41:19Z" finished-at="2019-04-16T11:41:26Z">
          <exception class="org.openqa.selenium.NoSuchElementException">
            <message>
              <![CDATA[Cannot locate an element using xpath=//a[@class='dropdown-toggle']
For documentation on this error, please visit: https://www.seleniumhq.org/exceptions/no_such_element.html
Build info: version: '3.141.59', revision: 'e82be7d358', time: '2018-11-14T08:17:03'
System info: host: 'FAIZA-QA', ip: '192.168.162.2', os.name: 'Windows 10', os.arch: 'amd64', os.version: '10.0', java.version: '1.8.0_121'
Driver info: driver.version: RemoteWebDriver]]>
            </message>
            <full-stacktrace>
              <![CDATA[org.openqa.selenium.NoSuchElementException: Cannot locate an element using xpath=//a[@class='dropdown-toggle']
For documentation on this error, please visit: https://www.seleniumhq.org/exceptions/no_such_element.html
Build info: version: '3.141.59', revision: 'e82be7d358', time: '2018-11-14T08:17:03'
System info: host: 'FAIZA-QA', ip: '192.168.162.2', os.name: 'Windows 10', os.arch: 'amd64', os.version: '10.0', java.version: '1.8.0_121'
Driver info: driver.version: RemoteWebDriver
at org.openqa.selenium.remote.RemoteWebDriver.findElement(RemoteWebDriver.java:327)
at org.openqa.selenium.remote.RemoteWebDriver.findElementByXPath(RemoteWebDriver.java:428)
at org.openqa.selenium.By$ByXPath.findElement(By.java:353)
at org.openqa.selenium.remote.RemoteWebDriver.findElement(RemoteWebDriver.java:315)
at org.openqa.selenium.support.pagefactory.DefaultElementLocator.findElement(DefaultElementLocator.java:69)
at org.openqa.selenium.support.pagefactory.internal.LocatingElementHandler.invoke(LocatingElementHandler.java:38)
at com.sun.proxy.$Proxy11.click(Unknown Source)
at pk.tellermate.pages.LogoutPage.logOut(LogoutPage.java:22)
at pk.tellermate.pages.BaseClass.tearDown(BaseClass.java:60)
at sun.reflect.NativeMethodAccessorImpl.invoke0(Native Method)
at sun.reflect.NativeMethodAccessorImpl.invoke(Unknown Source)
at sun.reflect.DelegatingMethodAccessorImpl.invoke(Unknown Source)
at java.lang.reflect.Method.invoke(Unknown Source)
at org.testng.internal.MethodInvocationHelper.invokeMethod(MethodInvocationHelper.java:124)
at org.testng.internal.MethodInvocationHelper.invokeMethodConsideringTimeout(MethodInvocationHelper.java:59)
at org.testng.internal.Invoker.invokeConfigurationMethod(Invoker.java:458)
at org.testng.internal.Invoker.invokeConfigurations(Invoker.java:222)
at org.testng.internal.Invoker.invokeConfigurations(Invoker.java:142)
at org.testng.internal.TestMethodWorker.invokeAfterClassMethods(TestMethodWorker.java:214)
at org.testng.internal.TestMethodWorker.run(TestMethodWorker.java:111)
at org.testng.TestRunner.privateRun(TestRunner.java:648)
at org.testng.TestRunner.run(TestRunner.java:505)
at org.testng.SuiteRunner.runTest(SuiteRunner.java:455)
at org.testng.SuiteRunner.runSequentially(SuiteRunner.java:450)
at org.testng.SuiteRunner.privateRun(SuiteRunner.java:415)
at org.testng.SuiteRunner.run(SuiteRunner.java:364)
at org.testng.SuiteRunnerWorker.runSuite(SuiteRunnerWorker.java:52)
at org.testng.SuiteRunnerWorker.run(SuiteRunnerWorker.java:84)
at org.testng.TestNG.runSuitesSequentially(TestNG.java:1208)
at org.testng.TestNG.runSuitesLocally(TestNG.java:1137)
at org.testng.TestNG.runSuites(TestNG.java:1049)
at org.testng.TestNG.run(TestNG.java:1017)
at org.testng.remote.AbstractRemoteTestNG.run(AbstractRemoteTestNG.java:115)
at org.testng.remote.RemoteTestNG.initAndRun(RemoteTestNG.java:251)
at org.testng.remote.RemoteTestNG.main(RemoteTestNG.java:77)
]]>
            </full-stacktrace>
          </exception> <!-- org.openqa.selenium.NoSuchElementException -->
          <reporter-output>
          </reporter-output>
        </test-method> <!-- tearDown -->
      </class> <!-- pk.tellermate.testcases.TC_Login -->
    </test> <!-- TC_Login -->
  </suite> <!-- Suite -->
</testng-results>
