<?xml version="1.0" encoding="UTF-8"?>
<!-- Generated by org.testng.reporters.JUnitXMLReporter -->
<testsuite hostname="FAIZA-QA" ignored="0" name="Default test" tests="3" failures="0" timestamp="24 Apr 2019 10:42:20 GMT" time="14.556" errors="0">
  <testcase name="verifyLogin" time="1.051" classname="pk.tellermate.testcases.TC_payBill"/>
  <testcase name="openPayBill" time="0.224" classname="pk.tellermate.testcases.TC_payBill"/>
  <testcase name="verifySearch" time="1.254" classname="pk.tellermate.testcases.TC_payBill"/>
</testsuite> <!-- Default test -->
